<?xml version="1.0" encoding="UTF-8"?>
<!-- Generated by org.testng.reporters.JUnitReportReporter -->
<testsuite skipped="0" hostname="DESKTOP-QQUJ7MA" name="com.mindbowser.test.SpicejetTest" tests="1" failures="0" timestamp="25 Jan 2021 05:35:14 GMT" time="52.868" errors="0">
  <testcase name="Verify_Student_is_mentioned_under_Discounts_field" time="52.868" classname="com.mindbowser.test.SpicejetTest"/>
</testsuite> <!-- com.mindbowser.test.SpicejetTest -->
